C51 COMPILER V9.57.0.0   DELAY                                                             08/29/2019 09:37:51 PAGE 1   


C51 COMPILER V9.57.0.0, COMPILATION OF MODULE DELAY
OBJECT MODULE PLACED IN .\Delay.obj
COMPILER INVOKED BY: C:\Keil_v5\C51\BIN\C51.EXE ..\Func\Delay.c COMPACT OPTIMIZE(8,SPEED) BROWSE INCDIR(..\Func;..\HardW
                    -are;..\User) DEBUG OBJECTEXTEND PRINT(.\Delay.lst) TABS(2) OBJECT(.\Delay.obj)

line level    source

   1          #include "Delay.h"
   2          
   3          void Delay(unsigned int k)  
   4          {           
   5   1      uint i,j;       
   6   1      for(i=0;i<k;i++)
   7   1      {     
   8   2      for(j=0;j<121;j++)      
   9   2      {;}}            
  10   1      }
  11          
  12          void Delay5us()   //@11.0592MHz
  13          {
  14   1        unsigned char i;
  15   1      
  16   1        _nop_();
  17   1        i = 11;
  18   1        while (--i);
  19   1      }
  20          
  21          
  22          void Delay1ms()   //@11.0592MHz
  23          {
  24   1        unsigned char i, j;
  25   1      
  26   1        _nop_();
  27   1        _nop_();
  28   1        _nop_();
  29   1        i = 11;
  30   1        j = 190;
  31   1        do
  32   1        {
  33   2          while (--j);
  34   2        } while (--i);
  35   1      }


MODULE INFORMATION:   STATIC OVERLAYABLE
   CODE SIZE        =     50    ----
   CONSTANT SIZE    =   ----    ----
   XDATA SIZE       =   ----    ----
   PDATA SIZE       =   ----    ----
   DATA SIZE        =   ----    ----
   IDATA SIZE       =   ----    ----
   BIT SIZE         =   ----    ----
END OF MODULE INFORMATION.


C51 COMPILATION COMPLETE.  0 WARNING(S),  0 ERROR(S)
