C51 COMPILER V9.57.0.0   LED                                                               08/29/2019 09:37:51 PAGE 1   


C51 COMPILER V9.57.0.0, COMPILATION OF MODULE LED
OBJECT MODULE PLACED IN .\LED.obj
COMPILER INVOKED BY: C:\Keil_v5\C51\BIN\C51.EXE ..\HardWare\LED.c COMPACT OPTIMIZE(8,SPEED) BROWSE INCDIR(..\Func;..\Har
                    -dWare;..\User) DEBUG OBJECTEXTEND PRINT(.\LED.lst) TABS(2) OBJECT(.\LED.obj)

line level    source

   1          /*************************
   2          ***数码管显示控制.c文件***
   3          **************************/
   4          #include "LED.h"
   5          #include "Delay.h"
   6          #include "ADXL345_Func.h"
   7          uint digtalDuan[16]={0x3f,0x06,0x5b,0x4f,
   8                      0x66,0x6d,0x7d,0x07,
   9                      0x7f,0x6f,0x77,0x7c,
  10                      0x39,0x5e,0x79,0x71};
  11          void LED_Init(void)
  12          {
  13   1        P0M1=0x00;
  14   1          P0M0=0xff;
  15   1        P2M1=0x00;
  16   1        P2M0=0x08;
  17   1        SEL3=0; 
  18   1      }
  19          
  20          void LED_Display(uint position,uint display_Data)
  21          {
  22   1        SEL2=position/4;
  23   1        SEL1=position%4/2;
  24   1        SEL0=position%2;
  25   1        P0=digtalDuan[display_Data];
  26   1      }
  27          void LED_Scan()
  28          {
  29   1        LED_Display(0,shiX);
  30   1        Delay5us();
  31   1        P0=0X00;
  32   1        LED_Display(1,geX);
  33   1        Delay5us();
  34   1        P0=0X00;
  35   1        /*LED_Display(3,shiZ);
  36   1        Delay5us();
  37   1        P0=0X00;
  38   1        LED_Display(4,geZ);
  39   1        Delay5us();
  40   1        P0=0X00;*/
  41   1        LED_Display(6,stepDec); 
  42   1        Delay5us();
  43   1        P0=0X00;  
  44   1        LED_Display(7,stepUni);
  45   1        Delay5us();
  46   1        P0=0X00;  
  47   1      }


MODULE INFORMATION:   STATIC OVERLAYABLE
   CODE SIZE        =    144    ----
   CONSTANT SIZE    =   ----    ----
   XDATA SIZE       =   ----    ----
   PDATA SIZE       =     32       2
C51 COMPILER V9.57.0.0   LED                                                               08/29/2019 09:37:51 PAGE 2   

   DATA SIZE        =   ----    ----
   IDATA SIZE       =   ----    ----
   BIT SIZE         =   ----    ----
END OF MODULE INFORMATION.


C51 COMPILATION COMPLETE.  0 WARNING(S),  0 ERROR(S)
