C51 COMPILER V9.57.0.0   TIMER                                                             08/29/2019 09:37:52 PAGE 1   


C51 COMPILER V9.57.0.0, COMPILATION OF MODULE TIMER
OBJECT MODULE PLACED IN .\Timer.obj
COMPILER INVOKED BY: C:\Keil_v5\C51\BIN\C51.EXE ..\HardWare\Timer.c COMPACT OPTIMIZE(8,SPEED) BROWSE INCDIR(..\Func;..\H
                    -ardWare;..\User) DEBUG OBJECTEXTEND PRINT(.\Timer.lst) TABS(2) OBJECT(.\Timer.obj)

line level    source

   1          /*********************
   2          ***定时器控制.c文件***
   3          **********************/
   4          #include "Timer.h"  
   5          #include "Key.h"
   6          #include "LED.h"
   7          #include "ADXL345_Func.h"
   8          uint timer500usNum=0,timer100usNum=0;
   9          void Timer1_Init(void)    //100微秒@11.0592MHz
  10          {
  11   1        AUXR &= 0xBF;   //定时器时钟12T模式
  12   1        TMOD &= 0x0F;   //设置定时器模式
  13   1        IE |=0x88;      //开启定时器中断
  14   1        TL1 = 0x33;   //设置定时初值
  15   1        TH1 = 0xFE;   //设置定时初值
  16   1        TF1 = 0;    //清除TF1标志
  17   1        TR1 = 1;    //定时器1开始计时
  18   1      } 
  19          void Timer0_Init(void)    //100微秒@11.0592MHz
  20          {
  21   1        AUXR &= 0x7F;   //定时器时钟12T模式
  22   1        TMOD &= 0xF0;   //设置定时器模式
  23   1        TMOD |= 0x01;   //设置定时器模式
  24   1        IE |=0x82;
  25   1        TL0 = 0xA4;   //设置定时初值
  26   1        TH0 = 0xFF;   //设置定时初值
  27   1        TF0 = 0;    //清除TF0标志
  28   1        TR0 = 1;    //定时器0开始计时
  29   1      }
  30          /******************************
  31          功能描述：定时器0中断服务函数
  32          输入：void
  33          输出：void
  34          ******************************/
  35          void Timer0_Interrupt(void) interrupt 1
  36          {
  37   1        TR0=0;  
  38   1        LED_Scan();
  39   1        TL0 = 0xA4;   //设置定时初值
  40   1        TH0 = 0xFF;   //设置定时初值
  41   1        TR0 = 1;
  42   1      }
  43          /******************************
  44          功能描述：定时器1中断服务函数
  45          输入：void
  46          输出：void
  47          ******************************/
  48          void Timer1_Interrupt(void) interrupt 3
  49          {
  50   1        TR1=0;
  51   1        timer500usNum++;
  52   1        if(timer500usNum%KEY_SCAN_FREQUENCY==0)
  53   1        {
  54   2           keyNum++;
C51 COMPILER V9.57.0.0   TIMER                                                             08/29/2019 09:37:52 PAGE 2   

  55   2           keyScanFlag=1;
  56   2           Key_Scan();  
  57   2        }
  58   1        if(timer500usNum%COLLECT_ADXL345_FREQUENCY ==0)
  59   1        {
  60   2          timer500usNum=0;
  61   2          collectFlag=1;
  62   2        }
  63   1        
  64   1        TL1 = 0x33;   //设置定时初值
  65   1        TH1 = 0xFE;   //设置定时初值
  66   1        TR1=1;
  67   1      }


MODULE INFORMATION:   STATIC OVERLAYABLE
   CODE SIZE        =    234    ----
   CONSTANT SIZE    =   ----    ----
   XDATA SIZE       =   ----    ----
   PDATA SIZE       =      4    ----
   DATA SIZE        =   ----    ----
   IDATA SIZE       =   ----    ----
   BIT SIZE         =   ----    ----
END OF MODULE INFORMATION.


C51 COMPILATION COMPLETE.  0 WARNING(S),  0 ERROR(S)
